<?xml version="1.0" encoding="UTF-8"?>
<testng-results ignored="0" total="1" passed="1" failed="0" skipped="0">
  <reporter-output>
  </reporter-output>
  <suite started-at="2022-11-16T15:15:18 IST" name="Default suite" finished-at="2022-11-16T15:15:27 IST" duration-ms="8700">
    <groups>
    </groups>
    <test started-at="2022-11-16T15:15:18 IST" name="Default test" finished-at="2022-11-16T15:15:27 IST" duration-ms="8700">
      <class name="Tests.RegisterPageTest">
        <test-method is-config="true" signature="LaunchingTheBrowser()[pri:0, instance:Tests.RegisterPageTest@7ed7259e]" started-at="2022-11-16T15:15:18 IST" name="LaunchingTheBrowser" finished-at="2022-11-16T15:15:25 IST" duration-ms="6687" status="PASS">
          <reporter-output>
          </reporter-output>
        </test-method> <!-- LaunchingTheBrowser -->
        <test-method signature="registerTest()[pri:0, instance:Tests.RegisterPageTest@7ed7259e]" started-at="2022-11-16T15:15:25 IST" name="registerTest" finished-at="2022-11-16T15:15:27 IST" duration-ms="1803" status="PASS">
          <reporter-output>
          </reporter-output>
        </test-method> <!-- registerTest -->
        <test-method is-config="true" signature="BrowserTearDown()[pri:0, instance:Tests.RegisterPageTest@7ed7259e]" started-at="2022-11-16T15:15:27 IST" name="BrowserTearDown" finished-at="2022-11-16T15:15:27 IST" duration-ms="176" status="PASS">
          <reporter-output>
          </reporter-output>
        </test-method> <!-- BrowserTearDown -->
      </class> <!-- Tests.RegisterPageTest -->
    </test> <!-- Default test -->
  </suite> <!-- Default suite -->
</testng-results>
